<?xml version="1.0" encoding="UTF-8"?>
<testng-results ignored="1" total="11" passed="10" failed="0" skipped="0">
  <reporter-output>
  </reporter-output>
  <suite started-at="2025-01-13T13:06:29 IST" name="HRM Test Suite" finished-at="2025-01-13T13:07:08 IST" duration-ms="39945">
    <groups>
    </groups>
    <test started-at="2025-01-13T13:06:29 IST" name="Pending Leave Request Test case" finished-at="2025-01-13T13:07:08 IST" duration-ms="39945">
      <class name="testCases.Test_HRM_Menus">
        <test-method is-config="true" signature="launchBrowser()[pri:0, instance:testCases.Test_HRM_Menus@25aca718]" started-at="2025-01-13T13:06:20 IST" name="launchBrowser" finished-at="2025-01-13T13:06:29 IST" duration-ms="8706" status="PASS">
          <reporter-output>
          </reporter-output>
        </test-method> <!-- launchBrowser -->
        <test-method signature="getPendingLeaveRequests()[pri:0, instance:testCases.Test_HRM_Menus@25aca718]" started-at="2025-01-13T13:06:29 IST" name="getPendingLeaveRequests" finished-at="2025-01-13T13:06:31 IST" duration-ms="1828" status="PASS">
          <reporter-output>
          </reporter-output>
        </test-method> <!-- getPendingLeaveRequests -->
        <test-method signature="toVerifyPIM()[pri:1, instance:testCases.Test_HRM_Menus@25aca718]" started-at="2025-01-13T13:06:31 IST" name="toVerifyPIM" finished-at="2025-01-13T13:06:35 IST" duration-ms="4704" status="PASS">
          <reporter-output>
          </reporter-output>
        </test-method> <!-- toVerifyPIM -->
        <test-method signature="toVerifyleaveMenu()[pri:2, instance:testCases.Test_HRM_Menus@25aca718]" started-at="2025-01-13T13:06:35 IST" name="toVerifyleaveMenu" finished-at="2025-01-13T13:06:40 IST" duration-ms="4161" status="PASS">
          <reporter-output>
          </reporter-output>
        </test-method> <!-- toVerifyleaveMenu -->
        <test-method signature="toVerifytimeMenu()[pri:3, instance:testCases.Test_HRM_Menus@25aca718]" started-at="2025-01-13T13:06:40 IST" name="toVerifytimeMenu" finished-at="2025-01-13T13:06:44 IST" duration-ms="4159" status="PASS">
          <reporter-output>
          </reporter-output>
        </test-method> <!-- toVerifytimeMenu -->
        <test-method signature="toVerifyrecruitmentMenu()[pri:4, instance:testCases.Test_HRM_Menus@25aca718]" started-at="2025-01-13T13:06:44 IST" name="toVerifyrecruitmentMenu" finished-at="2025-01-13T13:06:48 IST" duration-ms="4079" status="PASS">
          <reporter-output>
          </reporter-output>
        </test-method> <!-- toVerifyrecruitmentMenu -->
        <test-method signature="toVerifymyInfoMenu()[pri:5, instance:testCases.Test_HRM_Menus@25aca718]" started-at="2025-01-13T13:06:48 IST" name="toVerifymyInfoMenu" finished-at="2025-01-13T13:06:52 IST" duration-ms="4119" status="PASS">
          <reporter-output>
          </reporter-output>
        </test-method> <!-- toVerifymyInfoMenu -->
        <test-method signature="toVerifyperformanceMenu()[pri:6, instance:testCases.Test_HRM_Menus@25aca718]" started-at="2025-01-13T13:06:52 IST" name="toVerifyperformanceMenu" finished-at="2025-01-13T13:06:56 IST" duration-ms="4084" status="PASS">
          <reporter-output>
          </reporter-output>
        </test-method> <!-- toVerifyperformanceMenu -->
        <test-method signature="toVerifydashboardMenu()[pri:7, instance:testCases.Test_HRM_Menus@25aca718]" started-at="2025-01-13T13:06:56 IST" name="toVerifydashboardMenu" finished-at="2025-01-13T13:07:00 IST" duration-ms="3807" status="PASS">
          <reporter-output>
          </reporter-output>
        </test-method> <!-- toVerifydashboardMenu -->
        <test-method signature="toVerifydirectoryMenu()[pri:8, instance:testCases.Test_HRM_Menus@25aca718]" started-at="2025-01-13T13:07:00 IST" name="toVerifydirectoryMenu" finished-at="2025-01-13T13:07:04 IST" duration-ms="4066" status="PASS">
          <reporter-output>
          </reporter-output>
        </test-method> <!-- toVerifydirectoryMenu -->
        <test-method signature="toVerifybuzzMenu()[pri:9, instance:testCases.Test_HRM_Menus@25aca718]" started-at="2025-01-13T13:07:04 IST" name="toVerifybuzzMenu" finished-at="2025-01-13T13:07:08 IST" duration-ms="4133" status="PASS">
          <reporter-output>
          </reporter-output>
        </test-method> <!-- toVerifybuzzMenu -->
        <test-method is-config="true" signature="teardown()[pri:0, instance:testCases.Test_HRM_Menus@25aca718]" started-at="2025-01-13T13:07:09 IST" name="teardown" finished-at="2025-01-13T13:07:10 IST" duration-ms="1341" status="PASS">
          <reporter-output>
          </reporter-output>
        </test-method> <!-- teardown -->
      </class> <!-- testCases.Test_HRM_Menus -->
    </test> <!-- Pending Leave Request Test case -->
  </suite> <!-- HRM Test Suite -->
</testng-results>
