<?xml version="1.0" encoding="UTF-8"?>
<!-- Generated by org.testng.reporters.JUnitXMLReporter -->
<testsuite ignored="0" hostname="AshokLP" failures="0" tests="3" name="Default test" time="7.816" errors="0" timestamp="2024-04-02T15:07:41 IST">
  <testcase classname="PageObjects.Get_Leave_List" name="getleaveinfo" time="2.438"/>
  <testcase classname="PageObjects.Get_Leave_List" name="toVerifydashboardMenu" time="4.385"/>
  <testcase classname="PageObjects.Get_Leave_List" name="toGetLeaveList" time="0.706"/>
</testsuite> <!-- Default test -->
