<?xml version="1.0" encoding="UTF-8"?>
<!-- Generated by org.testng.reporters.JUnitXMLReporter -->
<testsuite ignored="1" hostname="AshokLP" failures="0" tests="10" name="Pending Leave Request Test case" time="39.945" errors="0" timestamp="2025-01-13T13:07:09 IST">
  <testcase classname="testCases.Test_HRM_Menus" name="getPendingLeaveRequests" time="1.828"/>
  <testcase classname="testCases.Test_HRM_Menus" name="toVerifyPIM" time="4.704"/>
  <testcase classname="testCases.Test_HRM_Menus" name="toVerifyleaveMenu" time="4.161"/>
  <testcase classname="testCases.Test_HRM_Menus" name="toVerifytimeMenu" time="4.159"/>
  <testcase classname="testCases.Test_HRM_Menus" name="toVerifyrecruitmentMenu" time="4.079"/>
  <testcase classname="testCases.Test_HRM_Menus" name="toVerifymyInfoMenu" time="4.119"/>
  <testcase classname="testCases.Test_HRM_Menus" name="toVerifyperformanceMenu" time="4.084"/>
  <testcase classname="testCases.Test_HRM_Menus" name="toVerifydashboardMenu" time="3.807"/>
  <testcase classname="testCases.Test_HRM_Menus" name="toVerifydirectoryMenu" time="4.066"/>
  <testcase classname="testCases.Test_HRM_Menus" name="toVerifybuzzMenu" time="4.133"/>
  <testcase classname="testCases.Test_HRM_Menus" name="toVerifymaintenanceMenu" time="0.0">
    <ignored/>
  </testcase> <!-- toVerifymaintenanceMenu -->
</testsuite> <!-- Pending Leave Request Test case -->
